app/build/intermediates/manifest_merge_blame_file/release/processReleaseMainManifest/manifest-merger-blame-release-report.txt
1<?xml version="1.0" encoding="utf-8"?>
2<manifest xmlns:android="http://schemas.android.com/apk/res/android"
3    package="co.qredet.sdk"
4    android:versionCode="1"
5    android:versionName="1.0" >
6
7    <uses-sdk
8        android:minSdkVersion="21"
9        android:targetSdkVersion="35" />
10    <!-- Backend API integration permission - commented out for now -->
11    <!-- <uses-permission android:name="android.permission.INTERNET"/> -->
12    <uses-permission android:name="android.permission.NFC" />
12-->src/main/AndroidManifest.xml:6:5-62
12-->src/main/AndroidManifest.xml:6:22-59
13
14    <uses-feature
14-->src/main/AndroidManifest.xml:7:5-82
15        android:name="android.hardware.nfc"
15-->src/main/AndroidManifest.xml:7:19-54
16        android:required="false" />
16-->src/main/AndroidManifest.xml:7:55-79
17    <uses-feature
17-->src/main/AndroidManifest.xml:8:5-86
18        android:name="android.hardware.nfc.hce"
18-->src/main/AndroidManifest.xml:8:19-58
19        android:required="false" />
19-->src/main/AndroidManifest.xml:8:59-83
20
21    <uses-permission android:name="android.permission.INTERNET" />
21-->[:sdk] AndroidManifest.xml:7:5-67
21-->[:sdk] AndroidManifest.xml:7:22-64
22    <uses-permission android:name="android.permission.VIBRATE" />
22-->[:sdk] AndroidManifest.xml:9:5-66
22-->[:sdk] AndroidManifest.xml:9:22-63
23
24    <permission
24-->[androidx.core:core:1.9.0] AndroidManifest.xml:22:5-24:47
25        android:name="co.qredet.sdk.DYNAMIC_RECEIVER_NOT_EXPORTED_PERMISSION"
25-->[androidx.core:core:1.9.0] AndroidManifest.xml:23:9-81
26        android:protectionLevel="signature" />
26-->[androidx.core:core:1.9.0] AndroidManifest.xml:24:9-44
27
28    <uses-permission android:name="co.qredet.sdk.DYNAMIC_RECEIVER_NOT_EXPORTED_PERMISSION" />
28-->[androidx.core:core:1.9.0] AndroidManifest.xml:26:5-97
28-->[androidx.core:core:1.9.0] AndroidManifest.xml:26:22-94
29
30    <application
30-->src/main/AndroidManifest.xml:9:5-35:19
31        android:allowBackup="true"
31-->src/main/AndroidManifest.xml:10:9-35
32        android:appComponentFactory="androidx.core.app.CoreComponentFactory"
32-->[androidx.core:core:1.9.0] AndroidManifest.xml:28:18-86
33        android:dataExtractionRules="@xml/data_extraction_rules"
33-->src/main/AndroidManifest.xml:11:9-65
34        android:extractNativeLibs="true"
35        android:fullBackupContent="@xml/backup_rules"
35-->src/main/AndroidManifest.xml:12:9-54
36        android:icon="@mipmap/ic_launcher"
36-->src/main/AndroidManifest.xml:13:9-43
37        android:label="@string/app_name"
37-->src/main/AndroidManifest.xml:14:9-41
38        android:roundIcon="@mipmap/ic_launcher_round"
38-->src/main/AndroidManifest.xml:15:9-54
39        android:supportsRtl="true"
39-->src/main/AndroidManifest.xml:16:9-35
40        android:theme="@style/Theme.Qredet" >
40-->src/main/AndroidManifest.xml:17:9-44
41        <activity
41-->src/main/AndroidManifest.xml:19:9-34:20
42            android:name="co.qredet.demo.MainActivity"
42-->src/main/AndroidManifest.xml:20:13-55
43            android:exported="true"
43-->src/main/AndroidManifest.xml:21:13-36
44            android:label="@string/app_name"
44-->src/main/AndroidManifest.xml:22:13-45
45            android:theme="@style/Theme.Qredet" >
45-->src/main/AndroidManifest.xml:23:13-48
46            <intent-filter>
46-->src/main/AndroidManifest.xml:24:13-28:29
47                <action android:name="android.intent.action.MAIN" />
47-->src/main/AndroidManifest.xml:25:17-69
47-->src/main/AndroidManifest.xml:25:25-66
48
49                <category android:name="android.intent.category.LAUNCHER" />
49-->src/main/AndroidManifest.xml:27:17-77
49-->src/main/AndroidManifest.xml:27:27-74
50            </intent-filter>
51            <!-- <intent-filter> -->
52            <!-- <action android:name="android.nfc.action.NDEF_DISCOVERED"/> -->
53            <!-- <category android:name="android.intent.category.DEFAULT"/> -->
54            <!-- <data android:mimeType="text/plain" /> -->
55            <!-- </intent-filter> -->
56        </activity>
57        <activity
57-->[:sdk] AndroidManifest.xml:19:9-24:20
58            android:name="co.qredet.sdk.nfc.Nfc"
58-->[:sdk] AndroidManifest.xml:20:13-49
59            android:exported="true"
59-->[:sdk] AndroidManifest.xml:21:13-36
60            android:launchMode="singleTop"
60-->[:sdk] AndroidManifest.xml:22:13-43
61            android:theme="@android:style/Theme.Translucent.NoTitleBar" >
61-->[:sdk] AndroidManifest.xml:23:13-72
62        </activity>
63
64        <service
64-->[:sdk] AndroidManifest.xml:26:9-45:19
65            android:name="co.qredet.sdk.cardEmulation.QHostApduService"
65-->[:sdk] AndroidManifest.xml:27:13-72
66            android:enabled="true"
66-->[:sdk] AndroidManifest.xml:28:13-35
67            android:exported="true"
67-->[:sdk] AndroidManifest.xml:29:13-36
68            android:permission="android.permission.BIND_NFC_SERVICE" >
68-->[:sdk] AndroidManifest.xml:30:13-69
69
70            <!-- Intent filter indicating that we support card emulation. -->
71            <intent-filter>
71-->[:sdk] AndroidManifest.xml:33:13-37:29
72                <action android:name="android.nfc.cardemulation.action.HOST_APDU_SERVICE" />
72-->[:sdk] AndroidManifest.xml:34:17-93
72-->[:sdk] AndroidManifest.xml:34:25-90
73
74                <category android:name="android.intent.category.DEFAULT" />
74-->[:sdk] AndroidManifest.xml:36:17-76
74-->[:sdk] AndroidManifest.xml:36:27-73
75            </intent-filter>
76            <!--
77                 Required XML configuration file, listing the AIDs that we are emulating cards
78                 for. This defines what protocols our card emulation service supports.
79            -->
80            <meta-data
80-->[:sdk] AndroidManifest.xml:42:13-44:55
81                android:name="android.nfc.cardemulation.host_apdu_service"
81-->[:sdk] AndroidManifest.xml:43:17-75
82                android:resource="@xml/apduservice" />
82-->[:sdk] AndroidManifest.xml:44:17-52
83        </service>
84
85        <provider
85-->[androidx.emoji2:emoji2:1.3.0] AndroidManifest.xml:24:9-32:20
86            android:name="androidx.startup.InitializationProvider"
86-->[androidx.emoji2:emoji2:1.3.0] AndroidManifest.xml:25:13-67
87            android:authorities="co.qredet.sdk.androidx-startup"
87-->[androidx.emoji2:emoji2:1.3.0] AndroidManifest.xml:26:13-68
88            android:exported="false" >
88-->[androidx.emoji2:emoji2:1.3.0] AndroidManifest.xml:27:13-37
89            <meta-data
89-->[androidx.emoji2:emoji2:1.3.0] AndroidManifest.xml:29:13-31:52
90                android:name="androidx.emoji2.text.EmojiCompatInitializer"
90-->[androidx.emoji2:emoji2:1.3.0] AndroidManifest.xml:30:17-75
91                android:value="androidx.startup" />
91-->[androidx.emoji2:emoji2:1.3.0] AndroidManifest.xml:31:17-49
92            <meta-data
92-->[androidx.lifecycle:lifecycle-process:2.6.1] AndroidManifest.xml:29:13-31:52
93                android:name="androidx.lifecycle.ProcessLifecycleInitializer"
93-->[androidx.lifecycle:lifecycle-process:2.6.1] AndroidManifest.xml:30:17-78
94                android:value="androidx.startup" />
94-->[androidx.lifecycle:lifecycle-process:2.6.1] AndroidManifest.xml:31:17-49
95            <meta-data
95-->[androidx.profileinstaller:profileinstaller:1.3.0] AndroidManifest.xml:29:13-31:52
96                android:name="androidx.profileinstaller.ProfileInstallerInitializer"
96-->[androidx.profileinstaller:profileinstaller:1.3.0] AndroidManifest.xml:30:17-85
97                android:value="androidx.startup" />
97-->[androidx.profileinstaller:profileinstaller:1.3.0] AndroidManifest.xml:31:17-49
98        </provider>
99
100        <receiver
100-->[androidx.profileinstaller:profileinstaller:1.3.0] AndroidManifest.xml:34:9-52:20
101            android:name="androidx.profileinstaller.ProfileInstallReceiver"
101-->[androidx.profileinstaller:profileinstaller:1.3.0] AndroidManifest.xml:35:13-76
102            android:directBootAware="false"
102-->[androidx.profileinstaller:profileinstaller:1.3.0] AndroidManifest.xml:36:13-44
103            android:enabled="true"
103-->[androidx.profileinstaller:profileinstaller:1.3.0] AndroidManifest.xml:37:13-35
104            android:exported="true"
104-->[androidx.profileinstaller:profileinstaller:1.3.0] AndroidManifest.xml:38:13-36
105            android:permission="android.permission.DUMP" >
105-->[androidx.profileinstaller:profileinstaller:1.3.0] AndroidManifest.xml:39:13-57
106            <intent-filter>
106-->[androidx.profileinstaller:profileinstaller:1.3.0] AndroidManifest.xml:40:13-42:29
107                <action android:name="androidx.profileinstaller.action.INSTALL_PROFILE" />
107-->[androidx.profileinstaller:profileinstaller:1.3.0] AndroidManifest.xml:41:17-91
107-->[androidx.profileinstaller:profileinstaller:1.3.0] AndroidManifest.xml:41:25-88
108            </intent-filter>
109            <intent-filter>
109-->[androidx.profileinstaller:profileinstaller:1.3.0] AndroidManifest.xml:43:13-45:29
110                <action android:name="androidx.profileinstaller.action.SKIP_FILE" />
110-->[androidx.profileinstaller:profileinstaller:1.3.0] AndroidManifest.xml:44:17-85
110-->[androidx.profileinstaller:profileinstaller:1.3.0] AndroidManifest.xml:44:25-82
111            </intent-filter>
112            <intent-filter>
112-->[androidx.profileinstaller:profileinstaller:1.3.0] AndroidManifest.xml:46:13-48:29
113                <action android:name="androidx.profileinstaller.action.SAVE_PROFILE" />
113-->[androidx.profileinstaller:profileinstaller:1.3.0] AndroidManifest.xml:47:17-88
113-->[androidx.profileinstaller:profileinstaller:1.3.0] AndroidManifest.xml:47:25-85
114            </intent-filter>
115            <intent-filter>
115-->[androidx.profileinstaller:profileinstaller:1.3.0] AndroidManifest.xml:49:13-51:29
116                <action android:name="androidx.profileinstaller.action.BENCHMARK_OPERATION" />
116-->[androidx.profileinstaller:profileinstaller:1.3.0] AndroidManifest.xml:50:17-95
116-->[androidx.profileinstaller:profileinstaller:1.3.0] AndroidManifest.xml:50:25-92
117            </intent-filter>
118        </receiver>
119    </application>
120
121</manifest>